<?xml version="1.0" encoding="UTF-8"?>
<!-- Generated by org.testng.reporters.JUnitXMLReporter -->
<testsuite ignored="0" hostname="TYSS-Ramya" failures="0" tests="3" name="Default test" time="93.409" errors="0" timestamp="2024-12-23T10:38:00 IST">
  <testcase classname="com.comcast.crm.contactTest.CreateanOrgWithTestng" name="createOrg" time="9.911"/>
  <testcase classname="com.comcast.crm.contactTest.CreateanOrgWithTestng" name="createorgWithPhonenumber" time="14.085"/>
  <testcase classname="com.comcast.crm.contactTest.CreateanOrgWithTestng" name="createorgwithIndustry" time="14.637"/>
</testsuite> <!-- Default test -->
