<?xml version="1.0" encoding="UTF-8"?>
<testng-results ignored="0" total="3" passed="3" failed="0" skipped="0">
  <reporter-output>
  </reporter-output>
  <suite started-at="2024-12-23T10:36:27 IST" name="Default suite" finished-at="2024-12-23T10:38:00 IST" duration-ms="93409">
    <groups>
      <group name="SmokeTest">
        <method signature="CreateanOrgWithTestng.createOrg()[pri:0, instance:com.comcast.crm.contactTest.CreateanOrgWithTestng@443118b0]" name="createOrg" class="com.comcast.crm.contactTest.CreateanOrgWithTestng"/>
      </group> <!-- SmokeTest -->
      <group name="Regression">
        <method signature="CreateanOrgWithTestng.createorgWithPhonenumber()[pri:0, instance:com.comcast.crm.contactTest.CreateanOrgWithTestng@443118b0]" name="createorgWithPhonenumber" class="com.comcast.crm.contactTest.CreateanOrgWithTestng"/>
        <method signature="CreateanOrgWithTestng.createorgwithIndustry()[pri:0, instance:com.comcast.crm.contactTest.CreateanOrgWithTestng@443118b0]" name="createorgwithIndustry" class="com.comcast.crm.contactTest.CreateanOrgWithTestng"/>
      </group> <!-- Regression -->
    </groups>
    <test started-at="2024-12-23T10:36:27 IST" name="Default test" finished-at="2024-12-23T10:38:00 IST" duration-ms="93409">
      <class name="com.comcast.crm.contactTest.CreateanOrgWithTestng">
        <test-method is-config="true" signature="ConfigBeforeSuite()[pri:0, instance:com.comcast.crm.contactTest.CreateanOrgWithTestng@443118b0]" started-at="2024-12-23T10:36:27 IST" name="ConfigBeforeSuite" finished-at="2024-12-23T10:36:27 IST" duration-ms="12" status="PASS">
          <reporter-output>
          </reporter-output>
        </test-method> <!-- ConfigBeforeSuite -->
        <test-method is-config="true" signature="ConfigBeforeClass()[pri:0, instance:com.comcast.crm.contactTest.CreateanOrgWithTestng@443118b0]" started-at="2024-12-23T10:36:27 IST" name="ConfigBeforeClass" finished-at="2024-12-23T10:36:30 IST" duration-ms="3051" status="PASS">
          <reporter-output>
          </reporter-output>
        </test-method> <!-- ConfigBeforeClass -->
        <test-method is-config="true" signature="ConfigBeforeMethod()[pri:0, instance:com.comcast.crm.contactTest.CreateanOrgWithTestng@443118b0]" started-at="2024-12-23T10:36:30 IST" name="ConfigBeforeMethod" finished-at="2024-12-23T10:36:35 IST" duration-ms="5319" status="PASS">
          <reporter-output>
          </reporter-output>
        </test-method> <!-- ConfigBeforeMethod -->
        <test-method signature="createOrg()[pri:0, instance:com.comcast.crm.contactTest.CreateanOrgWithTestng@443118b0]" started-at="2024-12-23T10:36:35 IST" name="createOrg" finished-at="2024-12-23T10:36:45 IST" duration-ms="9911" status="PASS">
          <reporter-output>
          </reporter-output>
        </test-method> <!-- createOrg -->
        <test-method is-config="true" signature="ConfigAfterMethod()[pri:0, instance:com.comcast.crm.contactTest.CreateanOrgWithTestng@443118b0]" started-at="2024-12-23T10:36:45 IST" name="ConfigAfterMethod" finished-at="2024-12-23T10:36:57 IST" duration-ms="12485" status="PASS">
          <reporter-output>
          </reporter-output>
        </test-method> <!-- ConfigAfterMethod -->
        <test-method is-config="true" signature="ConfigBeforeMethod()[pri:0, instance:com.comcast.crm.contactTest.CreateanOrgWithTestng@443118b0]" started-at="2024-12-23T10:36:57 IST" name="ConfigBeforeMethod" finished-at="2024-12-23T10:37:02 IST" duration-ms="4197" status="PASS">
          <reporter-output>
          </reporter-output>
        </test-method> <!-- ConfigBeforeMethod -->
        <test-method signature="createorgWithPhonenumber()[pri:0, instance:com.comcast.crm.contactTest.CreateanOrgWithTestng@443118b0]" started-at="2024-12-23T10:37:02 IST" name="createorgWithPhonenumber" finished-at="2024-12-23T10:37:16 IST" duration-ms="14085" status="PASS">
          <reporter-output>
          </reporter-output>
        </test-method> <!-- createorgWithPhonenumber -->
        <test-method is-config="true" signature="ConfigAfterMethod()[pri:0, instance:com.comcast.crm.contactTest.CreateanOrgWithTestng@443118b0]" started-at="2024-12-23T10:37:16 IST" name="ConfigAfterMethod" finished-at="2024-12-23T10:37:28 IST" duration-ms="12501" status="PASS">
          <reporter-output>
          </reporter-output>
        </test-method> <!-- ConfigAfterMethod -->
        <test-method is-config="true" signature="ConfigBeforeMethod()[pri:0, instance:com.comcast.crm.contactTest.CreateanOrgWithTestng@443118b0]" started-at="2024-12-23T10:37:28 IST" name="ConfigBeforeMethod" finished-at="2024-12-23T10:37:32 IST" duration-ms="4145" status="PASS">
          <reporter-output>
          </reporter-output>
        </test-method> <!-- ConfigBeforeMethod -->
        <test-method signature="createorgwithIndustry()[pri:0, instance:com.comcast.crm.contactTest.CreateanOrgWithTestng@443118b0]" started-at="2024-12-23T10:37:32 IST" name="createorgwithIndustry" finished-at="2024-12-23T10:37:47 IST" duration-ms="14637" status="PASS">
          <reporter-output>
          </reporter-output>
        </test-method> <!-- createorgwithIndustry -->
        <test-method is-config="true" signature="ConfigAfterMethod()[pri:0, instance:com.comcast.crm.contactTest.CreateanOrgWithTestng@443118b0]" started-at="2024-12-23T10:37:47 IST" name="ConfigAfterMethod" finished-at="2024-12-23T10:38:00 IST" duration-ms="12641" status="PASS">
          <reporter-output>
          </reporter-output>
        </test-method> <!-- ConfigAfterMethod -->
        <test-method is-config="true" signature="ConfigAfterClass()[pri:0, instance:com.comcast.crm.contactTest.CreateanOrgWithTestng@443118b0]" started-at="2024-12-23T10:38:00 IST" name="ConfigAfterClass" finished-at="2024-12-23T10:38:00 IST" duration-ms="377" status="PASS">
          <reporter-output>
          </reporter-output>
        </test-method> <!-- ConfigAfterClass -->
        <test-method is-config="true" signature="AfterSuite()[pri:0, instance:com.comcast.crm.contactTest.CreateanOrgWithTestng@443118b0]" started-at="2024-12-23T10:38:00 IST" name="AfterSuite" finished-at="2024-12-23T10:38:00 IST" duration-ms="2" status="PASS">
          <reporter-output>
          </reporter-output>
        </test-method> <!-- AfterSuite -->
      </class> <!-- com.comcast.crm.contactTest.CreateanOrgWithTestng -->
    </test> <!-- Default test -->
  </suite> <!-- Default suite -->
</testng-results>
